Started GET "/pages/home" for ::1 at 2019-07-05 15:49:32 -0500
  
SyntaxError (/Users/arif/Projects/ruby/alpha-blog/config/routes.rb:4: syntax error, unexpected tIDENTIFIER, expecting keyword_end
  get 'pages/home' to: 'pages#home'
                   ^~):
  
config/routes.rb:4: syntax error, unexpected tIDENTIFIER, expecting keyword_end
Started GET "/pages/home" for ::1 at 2019-07-05 15:49:50 -0500
  
SyntaxError (/Users/arif/Projects/ruby/alpha-blog/app/controllers/pages_controller.rb:1: syntax error, unexpected <<
class PagesController << ApplicationController
                      ^~):
  
app/controllers/pages_controller.rb:1: syntax error, unexpected <<
Started GET "/pages/home" for ::1 at 2019-07-05 15:50:09 -0500
Processing by PagesController#home as HTML
  Rendering pages/home.html.erb within layouts/application
  Rendered pages/home.html.erb within layouts/application (0.3ms)
Completed 200 OK in 270ms (Views: 267.4ms | ActiveRecord: 0.0ms)


Started GET "/" for ::1 at 2019-07-05 16:09:27 -0500
  
ArgumentError (Missing :controller key on routes definition, please check your routes.):
  
config/routes.rb:4:in `block in <top (required)>'
config/routes.rb:1:in `<top (required)>'
Started GET "/" for ::1 at 2019-07-05 16:11:28 -0500
Processing by PagesController#home as HTML
  Rendering pages/home.html.erb within layouts/application
  Rendered pages/home.html.erb within layouts/application (0.5ms)
Completed 200 OK in 19ms (Views: 16.3ms | ActiveRecord: 0.0ms)


Started GET "/about" for ::1 at 2019-07-05 16:11:30 -0500
Processing by PagesController#about as HTML
  Rendering pages/about.html.erb within layouts/application
  Rendered pages/about.html.erb within layouts/application (0.4ms)
Completed 200 OK in 17ms (Views: 14.8ms | ActiveRecord: 0.0ms)


Started GET "/" for ::1 at 2019-07-05 16:11:32 -0500
Processing by PagesController#home as HTML
  Rendering pages/home.html.erb within layouts/application
  Rendered pages/home.html.erb within layouts/application (0.7ms)
Completed 200 OK in 39ms (Views: 36.1ms | ActiveRecord: 0.0ms)


Started GET "/about" for ::1 at 2019-07-05 16:11:32 -0500
Processing by PagesController#about as HTML
  Rendering pages/about.html.erb within layouts/application
  Rendered pages/about.html.erb within layouts/application (0.4ms)
Completed 200 OK in 18ms (Views: 15.1ms | ActiveRecord: 0.0ms)


Started GET "/" for ::1 at 2019-07-05 16:11:33 -0500
Processing by PagesController#home as HTML
  Rendering pages/home.html.erb within layouts/application
  Rendered pages/home.html.erb within layouts/application (0.6ms)
Completed 200 OK in 25ms (Views: 22.6ms | ActiveRecord: 0.0ms)


Started GET "/about" for ::1 at 2019-07-05 20:50:59 -0500
Processing by PagesController#about as HTML
  Rendering pages/about.html.erb within layouts/application
  Rendered pages/about.html.erb within layouts/application (0.5ms)
Completed 200 OK in 25ms (Views: 22.1ms | ActiveRecord: 0.0ms)


Started GET "/" for ::1 at 2019-07-05 20:50:59 -0500
Processing by PagesController#home as HTML
  Rendering pages/home.html.erb within layouts/application
  Rendered pages/home.html.erb within layouts/application (0.4ms)
Completed 200 OK in 20ms (Views: 17.8ms | ActiveRecord: 0.0ms)


Started GET "/" for ::1 at 2019-07-05 21:10:09 -0500
Processing by PagesController#home as HTML
  Rendering pages/home.html.erb within layouts/application
  Rendered pages/home.html.erb within layouts/application (1.1ms)
Completed 200 OK in 187ms (Views: 177.3ms | ActiveRecord: 0.0ms)


Started GET "/about" for ::1 at 2019-07-05 21:10:11 -0500
Processing by PagesController#about as HTML
  Rendering pages/about.html.erb within layouts/application
  Rendered pages/about.html.erb within layouts/application (0.5ms)
Completed 200 OK in 20ms (Views: 17.2ms | ActiveRecord: 0.0ms)


Started GET "/" for ::1 at 2019-07-05 21:10:13 -0500
Processing by PagesController#home as HTML
  Rendering pages/home.html.erb within layouts/application
  Rendered pages/home.html.erb within layouts/application (0.5ms)
Completed 200 OK in 22ms (Views: 19.6ms | ActiveRecord: 0.0ms)


